<?xml version="1.0" encoding="UTF-8"?>
<testsuite xmlns:xsi="http://www.w3.org/2001/XMLSchema-instance" xsi:noNamespaceSchemaLocation="https://maven.apache.org/surefire/maven-surefire-plugin/xsd/surefire-test-report.xsd" version="3.0.2" name="org.example.articlesystem.ArticleSystemApplicationTests" time="8.568" tests="1" errors="0" skipped="0" failures="0">
  <properties>
[...]
</properties>
  <testcase name="contextLoads" classname="org.example.articlesystem.ArticleSystemApplicationTests" time="1.548">
    <system-out><![CDATA[21:45:40.958 [main] INFO org.springframework.test.context.support.AnnotationConfigContextLoaderUtils -- Could not detect default configuration classes for test class [org.example.articlesystem.ArticleSystemApplicationTests]: ArticleSystemApplicationTests does not declare any static, non-private, non-final, nested classes annotated with @Configuration.
21:45:41.164 [main] INFO org.springframework.boot.test.context.SpringBootTestContextBootstrapper -- Found @SpringBootConfiguration org.example.articlesystem.ArticleSystemApplication for test class org.example.articlesystem.ArticleSystemApplicationTests
21:45:41.525 [main] INFO org.springframework.boot.devtools.restart.RestartApplicationListener -- Restart disabled due to context in which it is running

  .   ____          _            __ _ _
 /\\ / ___'_ __ _ _(_)_ __  __ _ \ \ \ \
( ( )\___ | '_ | '_| | '_ \/ _` | \ \ \ \
 \\/  ___)| |_)| | | | | || (_| |  ) ) ) )
  '  |____| .__|_| |_|_| |_\__, | / / / /
 =========|_|==============|___/=/_/_/_/

 :: Spring Boot ::                (v4.0.1)

2026-01-05 21:45:42 [main] INFO  o.e.articlesystem.ArticleSystemApplicationTests - Starting ArticleSystemApplicationTests using Java 21.0.6 with PID 18768 (started by Administrator in D:\java-fds\article-system\article-system)
2026-01-05 21:45:42 [main] DEBUG o.e.articlesystem.ArticleSystemApplicationTests - Running with Spring Boot v4.0.1, Spring v7.0.2
2026-01-05 21:45:42 [main] INFO  o.e.articlesystem.ArticleSystemApplicationTests - No active profile set, falling back to 1 default profile: "default"
2026-01-05 21:45:45 [main] INFO  o.s.s.c.a.a.c.InitializeUserDetailsBeanManagerConfigurer$InitializeUserDetailsManagerConfigurer - Global AuthenticationManager configured with UserDetailsService bean with name userDetailsServiceImpl
2026-01-05 21:45:47 [main] INFO  o.e.articlesystem.ArticleSystemApplicationTests - Started ArticleSystemApplicationTests in 5.942 seconds (process running for 8.447)
]]></system-out>
    <system-err><![CDATA[Mockito is currently self-attaching to enable the inline-mock-maker. This will no longer work in future releases of the JDK. Please add Mockito as an agent to your build as described in Mockito's documentation: https://javadoc.io/doc/org.mockito/mockito-core/latest/org.mockito/org/mockito/Mockito.html#0.3
WARNING: A Java agent has been loaded dynamically (D:\Maven\apache-maven-3.9.9\mvn_repo\net\bytebuddy\byte-buddy-agent\1.17.8\byte-buddy-agent-1.17.8.jar)
WARNING: If a serviceability tool is in use, please run with -XX:+EnableDynamicAgentLoading to hide this warning
WARNING: If a serviceability tool is not in use, please run with -Djdk.instrument.traceUsage for more information
WARNING: Dynamic loading of agents will be disallowed by default in a future release
]]></system-err>
  </testcase>
</testsuite>